<?xml version="1.0" encoding="UTF-8"?>
<testsuites>
    <testsuite name="force.apex" timestamp="2018-11-07T01:21:03-07:00" hostname="https://bbbs-case-contest-dev-ed.my.salesforce.com" tests="1" failures="0"  errors="0"  time="0">
        <properties>
            <property name="outcome" value="Passed"/>
            <property name="testsRan" value="1"/>
            <property name="passing" value="0"/>
            <property name="failing" value="0"/>
            <property name="skipped" value="1"/>
            <property name="passRate" value="NaN%"/>
            <property name="failRate" value="NaN%"/>
            <property name="testStartTime" value="Nov 7, 2018 1:21 AM"/>
            <property name="testExecutionTime" value="0 s"/>
            <property name="testTotalTime" value="0 s"/>
            <property name="commandTime" value="3.17 s"/>
            <property name="hostname" value="https://bbbs-case-contest-dev-ed.my.salesforce.com"/>
            <property name="orgId" value="00Df2000001MjWfEAK"/>
            <property name="username" value="jacques@bbbs.com"/>
            <property name="testRunId" value="707f200004rW8xm"/>
            <property name="userId" value="005f2000009AHHeAAO"/>
        </properties>
        <testcase name="validateHelloWorld" classname="HelloWorldTestClass" time="0">
            <failure message="Method validateHelloWorld does not exist in the the apex class with Id :01pf2000008oEpm"></failure>
        </testcase>
    </testsuite>
</testsuites>
