<?xml version="1.0" encoding="UTF-8"?>
<testsuites>
    <testsuite name="force.apex" timestamp="2018-11-07T21:01:35-07:00" hostname="https://bbbs-case-contest-dev-ed.my.salesforce.com" tests="1" failures="0"  errors="0"  time="0.54">
        <properties>
            <property name="outcome" value="Passed"/>
            <property name="testsRan" value="1"/>
            <property name="passing" value="1"/>
            <property name="failing" value="0"/>
            <property name="skipped" value="0"/>
            <property name="passRate" value="100%"/>
            <property name="failRate" value="0%"/>
            <property name="testStartTime" value="Nov 7, 2018 9:01 PM"/>
            <property name="testExecutionTime" value="0.54 s"/>
            <property name="testTotalTime" value="0.54 s"/>
            <property name="commandTime" value="4.49 s"/>
            <property name="hostname" value="https://bbbs-case-contest-dev-ed.my.salesforce.com"/>
            <property name="orgId" value="00Df2000001MjWfEAK"/>
            <property name="username" value="jacques@bbbs.com"/>
            <property name="testRunId" value="707f200004rvHgF"/>
            <property name="userId" value="005f2000009AHHeAAO"/>
        </properties>
        <testcase name="DeduperReminderTest" classname="DedupeReminderTest" time="0.54">
        </testcase>
    </testsuite>
</testsuites>
